<?xml version="1.0" encoding="UTF-8"?>
<Site BuildName="Linux-clang++-10"
	BuildStamp="20210324-0432-Experimental"
	Name="shitong"
	Generator="ctest-3.16.3"
	CompilerName="/bin/clang++-10"
	CompilerVersion="10.0.0"
	OSName="Linux"
	Hostname="shitong"
	OSRelease="5.8.0-44-generic"
	OSVersion="#50~20.04.1-Ubuntu SMP Wed Feb 10 21:07:30 UTC 2021"
	OSPlatform="x86_64"
	Is64Bits="1"
	VendorString="GenuineIntel"
	VendorID="Intel Corporation"
	FamilyID="6"
	ModelID="142"
	ProcessorCacheSize="8192"
	NumberOfLogicalCPU="8"
	NumberOfPhysicalCPU="4"
	TotalVirtualMemory="2047"
	TotalPhysicalMemory="7847"
	LogicalProcessorsPerPhysical="2"
	ProcessorClockFrequency="2400"
	>
	<Testing>
		<StartDateTime>Mar 24 12:32 CST</StartDateTime>
		<StartTestTime>1616560328</StartTestTime>
		<TestList/>
		<EndDateTime>Mar 24 12:32 CST</EndDateTime>
		<EndTestTime>1616560328</EndTestTime>
		<ElapsedMinutes>0</ElapsedMinutes>
	</Testing>
</Site>
